<?xml version="1.0" encoding="UTF-8"?>
<testng-results ignored="0" total="1" passed="1" failed="0" skipped="0">
  <reporter-output>
  </reporter-output>
  <suite started-at="2022-06-10T10:30:42 IST" name="Default suite" finished-at="2022-06-10T10:30:53 IST" duration-ms="11483">
    <groups>
    </groups>
    <test started-at="2022-06-10T10:30:42 IST" name="Default test" finished-at="2022-06-10T10:30:53 IST" duration-ms="11483">
      <class name="pagefactorylogin.SignupTest">
        <test-method is-config="true" signature="openbrowser()[pri:0, instance:pagefactorylogin.SignupTest@57cf54e1]" started-at="2022-06-10T10:30:42 IST" name="openbrowser" finished-at="2022-06-10T10:30:44 IST" duration-ms="2075" status="PASS">
          <reporter-output>
          </reporter-output>
        </test-method> <!-- openbrowser -->
        <test-method signature="SignupTest()[pri:0, instance:pagefactorylogin.SignupTest@57cf54e1]" started-at="2022-06-10T10:30:44 IST" name="SignupTest" finished-at="2022-06-10T10:30:53 IST" duration-ms="9383" status="PASS">
          <reporter-output>
          </reporter-output>
        </test-method> <!-- SignupTest -->
      </class> <!-- pagefactorylogin.SignupTest -->
    </test> <!-- Default test -->
  </suite> <!-- Default suite -->
</testng-results>
